  myEigenFunctions.cpp
  myEigenMain.cpp
  Generating Code...
myEigenFunctions.obj : error LNK2019: unresolved external symbol __imp___invalid_parameter referenced in function "void * __cdecl std::_Allocate_manually_vector_aligned<struct std::_Default_allocate_traits>(unsigned int)" (??$_Allocate_manually_vector_aligned@U_Default_allocate_traits@std@@@std@@YAPAXI@Z)
myEigenMain.obj : error LNK2001: unresolved external symbol __imp___invalid_parameter
myEigenFunctions.obj : error LNK2019: unresolved external symbol __imp___CrtDbgReport referenced in function "void * __cdecl std::_Allocate_manually_vector_aligned<struct std::_Default_allocate_traits>(unsigned int)" (??$_Allocate_manually_vector_aligned@U_Default_allocate_traits@std@@@std@@YAPAXI@Z)
myEigenMain.obj : error LNK2001: unresolved external symbol __imp___CrtDbgReport
myEigenFunctions.obj : error LNK2019: unresolved external symbol __imp___get_stream_buffer_pointers referenced in function "protected: void __thiscall std::basic_filebuf<char,struct std::char_traits<char> >::_Init(struct _iobuf *,enum std::basic_filebuf<char,struct std::char_traits<char> >::_Initfl)" (?_Init@?$basic_filebuf@DU?$char_traits@D@std@@@std@@IAEXPAU_iobuf@@W4_Initfl@12@@Z)
myEigenMain.obj : error LNK2001: unresolved external symbol __imp___get_stream_buffer_pointers
myEigenFunctions.obj : error LNK2019: unresolved external symbol __imp__fclose referenced in function "public: class std::basic_filebuf<char,struct std::char_traits<char> > * __thiscall std::basic_filebuf<char,struct std::char_traits<char> >::close(void)" (?close@?$basic_filebuf@DU?$char_traits@D@std@@@std@@QAEPAV12@XZ)
myEigenMain.obj : error LNK2001: unresolved external symbol __imp__fclose
myEigenFunctions.obj : error LNK2019: unresolved external symbol __imp__fflush referenced in function "protected: virtual int __thiscall std::basic_filebuf<char,struct std::char_traits<char> >::sync(void)" (?sync@?$basic_filebuf@DU?$char_traits@D@std@@@std@@MAEHXZ)
myEigenMain.obj : error LNK2001: unresolved external symbol __imp__fflush
myEigenFunctions.obj : error LNK2019: unresolved external symbol __imp__fgetc referenced in function "bool __cdecl std::_Fgetc<char>(char &,struct _iobuf *)" (??$_Fgetc@D@std@@YA_NAADPAU_iobuf@@@Z)
myEigenMain.obj : error LNK2001: unresolved external symbol __imp__fgetc
myEigenFunctions.obj : error LNK2019: unresolved external symbol __imp__fgetpos referenced in function "protected: virtual class std::fpos<struct _Mbstatet> __thiscall std::basic_filebuf<char,struct std::char_traits<char> >::seekoff(__int64,int,int)" (?seekoff@?$basic_filebuf@DU?$char_traits@D@std@@@std@@MAE?AV?$fpos@U_Mbstatet@@@2@_JHH@Z)
myEigenMain.obj : error LNK2001: unresolved external symbol __imp__fgetpos
myEigenFunctions.obj : error LNK2019: unresolved external symbol __imp__fputc referenced in function "bool __cdecl std::_Fputc<char>(char,struct _iobuf *)" (??$_Fputc@D@std@@YA_NDPAU_iobuf@@@Z)
myEigenMain.obj : error LNK2001: unresolved external symbol __imp__fputc
myEigenFunctions.obj : error LNK2019: unresolved external symbol __imp__fread referenced in function "protected: virtual __int64 __thiscall std::basic_filebuf<char,struct std::char_traits<char> >::xsgetn(char *,__int64)" (?xsgetn@?$basic_filebuf@DU?$char_traits@D@std@@@std@@MAE_JPAD_J@Z)
myEigenMain.obj : error LNK2001: unresolved external symbol __imp__fread
myEigenFunctions.obj : error LNK2019: unresolved external symbol __imp__fsetpos referenced in function "protected: virtual class std::fpos<struct _Mbstatet> __thiscall std::basic_filebuf<char,struct std::char_traits<char> >::seekpos(class std::fpos<struct _Mbstatet>,int)" (?seekpos@?$basic_filebuf@DU?$char_traits@D@std@@@std@@MAE?AV?$fpos@U_Mbstatet@@@2@V32@H@Z)
myEigenMain.obj : error LNK2001: unresolved external symbol __imp__fsetpos
myEigenFunctions.obj : error LNK2019: unresolved external symbol __imp___fseeki64 referenced in function "protected: virtual class std::fpos<struct _Mbstatet> __thiscall std::basic_filebuf<char,struct std::char_traits<char> >::seekoff(__int64,int,int)" (?seekoff@?$basic_filebuf@DU?$char_traits@D@std@@@std@@MAE?AV?$fpos@U_Mbstatet@@@2@_JHH@Z)
myEigenMain.obj : error LNK2001: unresolved external symbol __imp___fseeki64
myEigenFunctions.obj : error LNK2019: unresolved external symbol __imp__fwrite referenced in function "protected: bool __thiscall std::basic_filebuf<char,struct std::char_traits<char> >::_Endwrite(void)" (?_Endwrite@?$basic_filebuf@DU?$char_traits@D@std@@@std@@IAE_NXZ)
myEigenMain.obj : error LNK2001: unresolved external symbol __imp__fwrite
myEigenFunctions.obj : error LNK2019: unresolved external symbol __imp__setvbuf referenced in function "protected: virtual class std::basic_streambuf<char,struct std::char_traits<char> > * __thiscall std::basic_filebuf<char,struct std::char_traits<char> >::setbuf(char *,__int64)" (?setbuf@?$basic_filebuf@DU?$char_traits@D@std@@@std@@MAEPAV?$basic_streambuf@DU?$char_traits@D@std@@@2@PAD_J@Z)
myEigenMain.obj : error LNK2001: unresolved external symbol __imp__setvbuf
myEigenFunctions.obj : error LNK2019: unresolved external symbol __imp__ungetc referenced in function "bool __cdecl std::_Ungetc<char>(char const &,struct _iobuf *)" (??$_Ungetc@D@std@@YA_NABDPAU_iobuf@@@Z)
myEigenMain.obj : error LNK2001: unresolved external symbol __imp__ungetc
myEigenFunctions.obj : error LNK2019: unresolved external symbol __imp___lock_file referenced in function "public: virtual void __thiscall std::basic_filebuf<char,struct std::char_traits<char> >::_Lock(void)" (?_Lock@?$basic_filebuf@DU?$char_traits@D@std@@@std@@UAEXXZ)
myEigenMain.obj : error LNK2001: unresolved external symbol __imp___lock_file
myEigenFunctions.obj : error LNK2019: unresolved external symbol __imp___unlock_file referenced in function "public: virtual void __thiscall std::basic_filebuf<char,struct std::char_traits<char> >::_Unlock(void)" (?_Unlock@?$basic_filebuf@DU?$char_traits@D@std@@@std@@UAEXXZ)
myEigenMain.obj : error LNK2001: unresolved external symbol __imp___unlock_file
myEigenFunctions.obj : error LNK2019: unresolved external symbol __imp___errno referenced in function "double __cdecl std::stod(class std::basic_string<char,struct std::char_traits<char>,class std::allocator<char> > const &,unsigned int *)" (?stod@std@@YANABV?$basic_string@DU?$char_traits@D@std@@V?$allocator@D@2@@1@PAI@Z)
myEigenFunctions.obj : error LNK2019: unresolved external symbol _memcpy referenced in function "public: static char * __cdecl std::_Narrow_char_traits<char,int>::copy(char * const,char const * const,unsigned int)" (?copy@?$_Narrow_char_traits@DH@std@@SAPADQADQBDI@Z)
myEigenMain.obj : error LNK2001: unresolved external symbol _memcpy
myEigenFunctions.obj : error LNK2019: unresolved external symbol _memmove referenced in function "public: static char * __cdecl std::_Narrow_char_traits<char,int>::move(char * const,char const * const,unsigned int)" (?move@?$_Narrow_char_traits@DH@std@@SAPADQADQBDI@Z)
myEigenMain.obj : error LNK2001: unresolved external symbol _memmove
myEigenFunctions.obj : error LNK2019: unresolved external symbol _strlen referenced in function "public: static unsigned int __cdecl std::_Narrow_char_traits<char,int>::length(char const * const)" (?length@?$_Narrow_char_traits@DH@std@@SAIQBD@Z)
myEigenMain.obj : error LNK2001: unresolved external symbol _strlen
myEigenFunctions.obj : error LNK2019: unresolved external symbol __imp__strtod referenced in function "double __cdecl std::stod(class std::basic_string<char,struct std::char_traits<char>,class std::allocator<char> > const &,unsigned int *)" (?stod@std@@YANABV?$basic_string@DU?$char_traits@D@std@@V?$allocator@D@2@@1@PAI@Z)
myEigenFunctions.obj : error LNK2019: unresolved external symbol ___std_exception_copy referenced in function "public: __thiscall std::exception::exception(class std::exception const &)" (??0exception@std@@QAE@ABV01@@Z)
myEigenMain.obj : error LNK2001: unresolved external symbol ___std_exception_copy
MSVCRTD.lib(throw_bad_alloc.obj) : error LNK2001: unresolved external symbol ___std_exception_copy
myEigenFunctions.obj : error LNK2019: unresolved external symbol ___std_exception_destroy referenced in function "public: virtual __thiscall std::exception::~exception(void)" (??1exception@std@@UAE@XZ)
myEigenMain.obj : error LNK2001: unresolved external symbol ___std_exception_destroy
MSVCRTD.lib(throw_bad_alloc.obj) : error LNK2001: unresolved external symbol ___std_exception_destroy
myEigenFunctions.obj : error LNK2019: unresolved external symbol __CxxThrowException@8 referenced in function "class std::codecvt<char,char,struct _Mbstatet> const & __cdecl std::use_facet<class std::codecvt<char,char,struct _Mbstatet> >(class std::locale const &)" (??$use_facet@V?$codecvt@DDU_Mbstatet@@@std@@@std@@YAABV?$codecvt@DDU_Mbstatet@@@0@ABVlocale@0@@Z)
myEigenMain.obj : error LNK2001: unresolved external symbol __CxxThrowException@8
MSVCRTD.lib(throw_bad_alloc.obj) : error LNK2001: unresolved external symbol __CxxThrowException@8
myEigenFunctions.obj : error LNK2019: unresolved external symbol ___CxxFrameHandler3 referenced in function __unwindfunclet$?ReadData@@YAPAPANV?$basic_string@DU?$char_traits@D@std@@V?$allocator@D@2@@std@@HH@Z$9
myEigenMain.obj : error LNK2001: unresolved external symbol ___CxxFrameHandler3
msvcprtd.lib(locale0_implib.obj) : error LNK2001: unresolved external symbol ___CxxFrameHandler3
myEigenMain.obj : error LNK2019: unresolved external symbol _fabs referenced in function "double __cdecl abs(double)" (?abs@@YANN@Z)
myEigenMain.obj : error LNK2019: unresolved external symbol _sqrt referenced in function _main
msvcprtd.lib(locale0_implib.obj) : error LNK2019: unresolved external symbol __imp___free_dbg referenced in function "public: static void __cdecl std::_Fac_node::operator delete(void *)" (??3_Fac_node@std@@SAXPAX@Z)
msvcprtd.lib(locale0_implib.obj) : error LNK2019: unresolved external symbol __imp___malloc_dbg referenced in function "public: static void * __cdecl std::_Fac_node::operator new(unsigned int)" (??2_Fac_node@std@@SAPAXI@Z)
MSVCRTD.lib(new_scalar.obj) : error LNK2019: unresolved external symbol __callnewh referenced in function "void * __cdecl operator new(unsigned int)" (??2@YAPAXI@Z)
MSVCRTD.lib(new_scalar.obj) : error LNK2019: unresolved external symbol _malloc referenced in function "void * __cdecl operator new(unsigned int)" (??2@YAPAXI@Z)
MSVCRTD.lib(init.obj) : error LNK2019: unresolved external symbol __CrtDbgReport referenced in function __CRT_RTC_INIT
MSVCRTD.lib(init.obj) : error LNK2019: unresolved external symbol __CrtDbgReportW referenced in function __CRT_RTC_INITW
MSVCRTD.lib(utility.obj) : error LNK2019: unresolved external symbol ___vcrt_initialize referenced in function ___scrt_initialize_crt
MSVCRTD.lib(utility.obj) : error LNK2019: unresolved external symbol ___vcrt_uninitialize referenced in function ___scrt_initialize_crt
MSVCRTD.lib(utility.obj) : error LNK2019: unresolved external symbol ___vcrt_uninitialize_critical referenced in function ___scrt_dllmain_uninitialize_critical
MSVCRTD.lib(utility.obj) : error LNK2019: unresolved external symbol ___vcrt_thread_attach referenced in function ___scrt_dllmain_crt_thread_attach
MSVCRTD.lib(utility.obj) : error LNK2019: unresolved external symbol ___vcrt_thread_detach referenced in function ___scrt_dllmain_crt_thread_attach
MSVCRTD.lib(utility.obj) : error LNK2019: unresolved external symbol __seh_filter_dll referenced in function ___scrt_dllmain_exception_filter
MSVCRTD.lib(utility.obj) : error LNK2019: unresolved external symbol __is_c_termination_complete referenced in function ___scrt_dllmain_uninitialize_c
MSVCRTD.lib(utility.obj) : error LNK2019: unresolved external symbol __configure_narrow_argv referenced in function "public: static int __cdecl __scrt_narrow_argv_policy::configure_argv(void)" (?configure_argv@__scrt_narrow_argv_policy@@SAHXZ)
MSVCRTD.lib(utility.obj) : error LNK2019: unresolved external symbol __initialize_narrow_environment referenced in function "public: static int __cdecl __scrt_narrow_environment_policy::initialize_environment(void)" (?initialize_environment@__scrt_narrow_environment_policy@@SAHXZ)
MSVCRTD.lib(utility.obj) : error LNK2019: unresolved external symbol __initialize_onexit_table referenced in function ___scrt_initialize_onexit_tables
MSVCRTD.lib(utility.obj) : error LNK2019: unresolved external symbol __register_onexit_function referenced in function __onexit
MSVCRTD.lib(utility.obj) : error LNK2019: unresolved external symbol __execute_onexit_table referenced in function ___scrt_dllmain_uninitialize_c
MSVCRTD.lib(utility.obj) : error LNK2019: unresolved external symbol __crt_atexit referenced in function __onexit
MSVCRTD.lib(utility.obj) : error LNK2019: unresolved external symbol __crt_at_quick_exit referenced in function _at_quick_exit
MSVCRTD.lib(utility.obj) : error LNK2019: unresolved external symbol ___acrt_initialize referenced in function ___scrt_initialize_crt
MSVCRTD.lib(utility.obj) : error LNK2019: unresolved external symbol ___acrt_uninitialize referenced in function ___scrt_uninitialize_crt
MSVCRTD.lib(utility.obj) : error LNK2019: unresolved external symbol ___acrt_uninitialize_critical referenced in function ___scrt_dllmain_uninitialize_critical
MSVCRTD.lib(utility.obj) : error LNK2019: unresolved external symbol ___acrt_thread_attach referenced in function ___scrt_dllmain_crt_thread_attach
MSVCRTD.lib(utility.obj) : error LNK2019: unresolved external symbol ___acrt_thread_detach referenced in function ___scrt_dllmain_crt_thread_detach
MSVCRTD.lib(utility.obj) : error LNK2019: unresolved external symbol __cexit referenced in function ___scrt_dllmain_uninitialize_c
MSVCRTD.lib(delete_scalar.obj) : error LNK2019: unresolved external symbol __free_dbg referenced in function "void __cdecl operator delete(void *)" (??3@YAXPAX@Z)
MSVCRTD.lib(error.obj) : error LNK2019: unresolved external symbol _strcpy_s referenced in function "void __cdecl _RTC_StackFailure(void *,char const *)" (?_RTC_StackFailure@@YAXPAXPBD@Z)
MSVCRTD.lib(error.obj) : error LNK2019: unresolved external symbol _strcat_s referenced in function "void __cdecl _RTC_StackFailure(void *,char const *)" (?_RTC_StackFailure@@YAXPAXPBD@Z)
MSVCRTD.lib(error.obj) : error LNK2019: unresolved external symbol ___stdio_common_vsprintf_s referenced in function __vsprintf_s_l
MSVCRTD.lib(utility_desktop.obj) : error LNK2019: unresolved external symbol _terminate referenced in function ___scrt_unhandled_exception_filter@4
MSVCRTD.lib(chandler4_noexcept.obj) : error LNK2001: unresolved external symbol _terminate
MSVCRTD.lib(utility_desktop.obj) : error LNK2019: unresolved external symbol _memset referenced in function ___scrt_fastfail
MSVCRTD.lib(chandler4gs.obj) : error LNK2019: unresolved external symbol __except_handler4_common referenced in function __except_handler4
MSVCRTD.lib(pdblkup.obj) : error LNK2019: unresolved external symbol __wmakepath_s referenced in function "int __cdecl GetPdbDllPathFromFilePath(wchar_t const *,wchar_t *,unsigned int)" (?GetPdbDllPathFromFilePath@@YAHPB_WPA_WI@Z)
MSVCRTD.lib(pdblkup.obj) : error LNK2019: unresolved external symbol __wsplitpath_s referenced in function "int __cdecl GetPdbDllPathFromFilePath(wchar_t const *,wchar_t *,unsigned int)" (?GetPdbDllPathFromFilePath@@YAHPB_WPA_WI@Z)
MSVCRTD.lib(pdblkup.obj) : error LNK2019: unresolved external symbol _wcscpy_s referenced in function "int __cdecl GetPdbDllPathFromFilePath(wchar_t const *,wchar_t *,unsigned int)" (?GetPdbDllPathFromFilePath@@YAHPB_WPA_WI@Z)
MSVCRTD.lib(pdblkup.obj) : error LNK2019: unresolved external symbol ___vcrt_GetModuleFileNameW referenced in function "struct HINSTANCE__ * __cdecl GetPdbDll(void)" (?GetPdbDll@@YAPAUHINSTANCE__@@XZ)
MSVCRTD.lib(pdblkup.obj) : error LNK2019: unresolved external symbol ___vcrt_GetModuleHandleW referenced in function "struct HINSTANCE__ * __cdecl GetPdbDll(void)" (?GetPdbDll@@YAPAUHINSTANCE__@@XZ)
MSVCRTD.lib(pdblkup.obj) : error LNK2019: unresolved external symbol ___vcrt_LoadLibraryExW referenced in function "struct HINSTANCE__ * __cdecl GetPdbDll(void)" (?GetPdbDll@@YAPAUHINSTANCE__@@XZ)
C:\Users\Jack\Desktop\Engsci 331\Lab_Eigenproblems_export\EP-assignment_v2\src\Debug\331 Eigenproblems Lab.exe : fatal error LNK1120: 66 unresolved externals
